[09/Jun/2020:09:44:17] (I): WordPress Instance Info:
[09/Jun/2020:09:44:17] (I): Home URL : http://localhost:8888/wordpress
[09/Jun/2020:09:44:17] (I): Site URL : http://localhost:8888/wordpress
[09/Jun/2020:09:44:17] (I): WordPress Version : 5.4.1
[09/Jun/2020:09:44:17] (I): Onboarding Version : 1.0.1
[09/Jun/2020:09:44:17] (I): Multisite : No
[09/Jun/2020:09:44:17] (I): Server Info : Apache/2.2.34 (Unix) mod_wsgi/3.5 Python/2.7.13 PHP/7.4.2 mod_ssl/2.2.34 OpenSSL/1.0.2o DAV/2 mod_fastcgi/mod_fastcgi-SNAP-0910052141 mod_perl/2.0.11 Perl/v5.24.0
[09/Jun/2020:09:44:17] (I): PHP Version : 7.4.2
[09/Jun/2020:09:44:17] (I): HTTPS : No
[09/Jun/2020:09:44:17] (I): PHP Max Execution Time : 30
[09/Jun/2020:09:44:17] (I): PHP Max Input Vars : 1000
[09/Jun/2020:09:44:17] (I): Max Upload Size : 8388608
[09/Jun/2020:09:44:17] (I): Plugins:
[09/Jun/2020:09:44:17] (I): [PLUGIN] Elementor : v2.9.11 (Elementor.com)
[09/Jun/2020:09:44:17] (I): [PLUGIN] Orbit Fox Companion : v2.9.9 (Themeisle)
[09/Jun/2020:09:44:17] (P): Saving remote XML
[09/Jun/2020:09:44:17] (S): Saved remote XML at path /Applications/MAMP/htdocs/wordpress/wp-content/uploads/themeisle-demo-import.xml.
[09/Jun/2020:09:44:17] (P): Starting content import...
[09/Jun/2020:09:44:17] (S): Import started.
[09/Jun/2020:09:44:17] (S): Parsing XML file.
[09/Jun/2020:09:44:17] (P): Starting parsing file:/Applications/MAMP/htdocs/wordpress/wp-content/uploads/themeisle-demo-import.xml
[09/Jun/2020:09:44:17] (P): Using WXR_Parser_SimpleXML...
[09/Jun/2020:09:44:17] (S): Parsed XML
[09/Jun/2020:09:44:17] (P): Processing categories...
[09/Jun/2020:09:44:17] (S): Processed categories.
[09/Jun/2020:09:44:17] (P): Processing tags...
[09/Jun/2020:09:44:17] (S): No tags to process.
[09/Jun/2020:09:44:17] (P): Processing terms...
[09/Jun/2020:09:44:17] (S): Processed terms.
[09/Jun/2020:09:44:17] (P): Processing posts...
[09/Jun/2020:09:44:17] (P): Processing attachment: https://s33834.pcdn.co/architecture/wp-content/uploads/sites/207/2019/07/archi-logo.png...
[09/Jun/2020:09:44:17] (P): Fetching attachment from url: https://s33834.pcdn.co/architecture/wp-content/uploads/sites/207/2019/07/archi-logo.png...
[09/Jun/2020:09:44:17] (S): Fetched remote attachment.
[09/Jun/2020:09:44:17] (P): Inserting attachment...
[09/Jun/2020:09:44:17] (S): Attachment inserted
[09/Jun/2020:09:44:17] (S): Processed attachment.
[09/Jun/2020:09:44:17] (P): Processing attachment: https://s33834.pcdn.co/architecture/wp-content/uploads/sites/207/2019/07/cropped-archi-logo.png...
[09/Jun/2020:09:44:17] (P): Fetching attachment from url: https://s33834.pcdn.co/architecture/wp-content/uploads/sites/207/2019/07/cropped-archi-logo.png...
[09/Jun/2020:09:44:18] (S): Fetched remote attachment.
[09/Jun/2020:09:44:18] (P): Inserting attachment...
[09/Jun/2020:09:44:18] (S): Attachment inserted
[09/Jun/2020:09:44:18] (S): Processed attachment.
[09/Jun/2020:09:44:18] (P): Processing attachment: https://s33834.pcdn.co/architecture/wp-content/uploads/sites/207/2019/07/neve-architect-demo-01.jpg...
[09/Jun/2020:09:44:18] (P): Fetching attachment from url: https://s33834.pcdn.co/architecture/wp-content/uploads/sites/207/2019/07/neve-architect-demo-01.jpg...
[09/Jun/2020:09:44:18] (S): Fetched remote attachment.
[09/Jun/2020:09:44:18] (P): Inserting attachment...
[09/Jun/2020:09:44:18] (S): Attachment inserted
[09/Jun/2020:09:44:18] (S): Processed attachment.
[09/Jun/2020:09:44:18] (P): Processing attachment: https://s33834.pcdn.co/architecture/wp-content/uploads/sites/207/2019/07/neve-architect-demo-02.jpg...
[09/Jun/2020:09:44:18] (P): Fetching attachment from url: https://s33834.pcdn.co/architecture/wp-content/uploads/sites/207/2019/07/neve-architect-demo-02.jpg...
[09/Jun/2020:09:44:18] (S): Fetched remote attachment.
[09/Jun/2020:09:44:18] (P): Inserting attachment...
[09/Jun/2020:09:44:18] (S): Attachment inserted
[09/Jun/2020:09:44:18] (S): Processed attachment.
[09/Jun/2020:09:44:18] (P): Processing attachment: https://s33834.pcdn.co/architecture/wp-content/uploads/sites/207/2019/07/neve-architect-demo-03.jpg...
[09/Jun/2020:09:44:18] (P): Fetching attachment from url: https://s33834.pcdn.co/architecture/wp-content/uploads/sites/207/2019/07/neve-architect-demo-03.jpg...
[09/Jun/2020:09:44:18] (S): Fetched remote attachment.
[09/Jun/2020:09:44:18] (P): Inserting attachment...
[09/Jun/2020:09:44:18] (S): Attachment inserted
[09/Jun/2020:09:44:18] (S): Processed attachment.
[09/Jun/2020:09:44:18] (P): Processing attachment: https://s33834.pcdn.co/architecture/wp-content/uploads/sites/207/2019/07/neve-architect-demo-04.jpg...
[09/Jun/2020:09:44:18] (P): Fetching attachment from url: https://s33834.pcdn.co/architecture/wp-content/uploads/sites/207/2019/07/neve-architect-demo-04.jpg...
[09/Jun/2020:09:44:19] (S): Fetched remote attachment.
[09/Jun/2020:09:44:19] (P): Inserting attachment...
[09/Jun/2020:09:44:19] (S): Attachment inserted
[09/Jun/2020:09:44:19] (S): Processed attachment.
[09/Jun/2020:09:44:19] (P): Processing attachment: https://s33834.pcdn.co/architecture/wp-content/uploads/sites/207/2019/07/neve-architect-demo-05.jpg...
[09/Jun/2020:09:44:19] (P): Fetching attachment from url: https://s33834.pcdn.co/architecture/wp-content/uploads/sites/207/2019/07/neve-architect-demo-05.jpg...
[09/Jun/2020:09:44:21] (S): Fetched remote attachment.
[09/Jun/2020:09:44:21] (P): Inserting attachment...
[09/Jun/2020:09:44:21] (S): Attachment inserted
[09/Jun/2020:09:44:21] (S): Processed attachment.
[09/Jun/2020:09:44:21] (P): Processing attachment: https://s33834.pcdn.co/architecture/wp-content/uploads/sites/207/2019/07/neve-architect-demo-06.jpg...
[09/Jun/2020:09:44:21] (P): Fetching attachment from url: https://s33834.pcdn.co/architecture/wp-content/uploads/sites/207/2019/07/neve-architect-demo-06.jpg...
[09/Jun/2020:09:44:22] (S): Fetched remote attachment.
[09/Jun/2020:09:44:22] (P): Inserting attachment...
[09/Jun/2020:09:44:22] (S): Attachment inserted
[09/Jun/2020:09:44:22] (S): Processed attachment.
[09/Jun/2020:09:44:22] (P): Processing attachment: https://s33834.pcdn.co/architecture/wp-content/uploads/sites/207/2019/07/neve-architect-demo-07.jpg...
[09/Jun/2020:09:44:22] (P): Fetching attachment from url: https://s33834.pcdn.co/architecture/wp-content/uploads/sites/207/2019/07/neve-architect-demo-07.jpg...
[09/Jun/2020:09:44:22] (S): Fetched remote attachment.
[09/Jun/2020:09:44:22] (P): Inserting attachment...
[09/Jun/2020:09:44:22] (S): Attachment inserted
[09/Jun/2020:09:44:22] (S): Processed attachment.
[09/Jun/2020:09:44:22] (P): Processing attachment: https://s33834.pcdn.co/architecture/wp-content/uploads/sites/207/2019/07/neve-architect-demo-08.jpg...
[09/Jun/2020:09:44:22] (P): Fetching attachment from url: https://s33834.pcdn.co/architecture/wp-content/uploads/sites/207/2019/07/neve-architect-demo-08.jpg...
[09/Jun/2020:09:44:22] (S): Fetched remote attachment.
[09/Jun/2020:09:44:22] (P): Inserting attachment...
[09/Jun/2020:09:44:22] (S): Attachment inserted
[09/Jun/2020:09:44:22] (S): Processed attachment.
[09/Jun/2020:09:44:22] (P): Processing attachment: https://s33834.pcdn.co/architecture/wp-content/uploads/sites/207/2019/07/neve-architect-demo-09.jpg...
[09/Jun/2020:09:44:22] (P): Fetching attachment from url: https://s33834.pcdn.co/architecture/wp-content/uploads/sites/207/2019/07/neve-architect-demo-09.jpg...
[09/Jun/2020:09:44:22] (S): Fetched remote attachment.
[09/Jun/2020:09:44:22] (P): Inserting attachment...
[09/Jun/2020:09:44:22] (S): Attachment inserted
[09/Jun/2020:09:44:22] (S): Processed attachment.
[09/Jun/2020:09:44:22] (P): Processing attachment: https://s33834.pcdn.co/architecture/wp-content/uploads/sites/207/2019/07/neve-architect-demo-10.jpg...
[09/Jun/2020:09:44:22] (P): Fetching attachment from url: https://s33834.pcdn.co/architecture/wp-content/uploads/sites/207/2019/07/neve-architect-demo-10.jpg...
[09/Jun/2020:09:44:23] (S): Fetched remote attachment.
[09/Jun/2020:09:44:23] (P): Inserting attachment...
[09/Jun/2020:09:44:23] (S): Attachment inserted
[09/Jun/2020:09:44:23] (S): Processed attachment.
[09/Jun/2020:09:44:23] (P): Processing attachment: https://s33834.pcdn.co/architecture/wp-content/uploads/sites/207/2019/07/neve-architect-demo-11.jpg...
[09/Jun/2020:09:44:23] (P): Fetching attachment from url: https://s33834.pcdn.co/architecture/wp-content/uploads/sites/207/2019/07/neve-architect-demo-11.jpg...
[09/Jun/2020:09:44:23] (S): Fetched remote attachment.
[09/Jun/2020:09:44:23] (P): Inserting attachment...
[09/Jun/2020:09:44:23] (S): Attachment inserted
[09/Jun/2020:09:44:23] (S): Processed attachment.
[09/Jun/2020:09:44:23] (P): Processing attachment: https://s33834.pcdn.co/architecture/wp-content/uploads/sites/207/2019/07/neve-architect-demo-12.jpg...
[09/Jun/2020:09:44:23] (P): Fetching attachment from url: https://s33834.pcdn.co/architecture/wp-content/uploads/sites/207/2019/07/neve-architect-demo-12.jpg...
[09/Jun/2020:09:44:23] (S): Fetched remote attachment.
[09/Jun/2020:09:44:23] (P): Inserting attachment...
[09/Jun/2020:09:44:23] (S): Attachment inserted
[09/Jun/2020:09:44:23] (S): Processed attachment.
[09/Jun/2020:09:44:23] (P): Processing attachment: https://s33834.pcdn.co/architecture/wp-content/uploads/sites/207/2019/07/neve-architect-demo-13.jpg...
[09/Jun/2020:09:44:23] (P): Fetching attachment from url: https://s33834.pcdn.co/architecture/wp-content/uploads/sites/207/2019/07/neve-architect-demo-13.jpg...
[09/Jun/2020:09:44:23] (S): Fetched remote attachment.
[09/Jun/2020:09:44:23] (P): Inserting attachment...
[09/Jun/2020:09:44:23] (S): Attachment inserted
[09/Jun/2020:09:44:23] (S): Processed attachment.
[09/Jun/2020:09:44:23] (P): Processing attachment: https://s33834.pcdn.co/architecture/wp-content/uploads/sites/207/2019/07/neve-architect-demo-14.jpg...
[09/Jun/2020:09:44:23] (P): Fetching attachment from url: https://s33834.pcdn.co/architecture/wp-content/uploads/sites/207/2019/07/neve-architect-demo-14.jpg...
[09/Jun/2020:09:44:23] (S): Fetched remote attachment.
[09/Jun/2020:09:44:23] (P): Inserting attachment...
[09/Jun/2020:09:44:23] (S): Attachment inserted
[09/Jun/2020:09:44:23] (S): Processed attachment.
[09/Jun/2020:09:44:23] (P): Processing attachment: https://s33834.pcdn.co/architecture/wp-content/uploads/sites/207/2019/07/neve-architect-demo-15.jpg...
[09/Jun/2020:09:44:23] (P): Fetching attachment from url: https://s33834.pcdn.co/architecture/wp-content/uploads/sites/207/2019/07/neve-architect-demo-15.jpg...
[09/Jun/2020:09:44:23] (S): Fetched remote attachment.
[09/Jun/2020:09:44:23] (P): Inserting attachment...
[09/Jun/2020:09:44:23] (S): Attachment inserted
[09/Jun/2020:09:44:23] (S): Processed attachment.
[09/Jun/2020:09:44:23] (P): Processing attachment: https://s33834.pcdn.co/architecture/wp-content/uploads/sites/207/2019/07/neve-architect-demo-16.jpg...
[09/Jun/2020:09:44:23] (P): Fetching attachment from url: https://s33834.pcdn.co/architecture/wp-content/uploads/sites/207/2019/07/neve-architect-demo-16.jpg...
[09/Jun/2020:09:44:24] (S): Fetched remote attachment.
[09/Jun/2020:09:44:24] (P): Inserting attachment...
[09/Jun/2020:09:44:24] (S): Attachment inserted
[09/Jun/2020:09:44:24] (S): Processed attachment.
[09/Jun/2020:09:44:24] (P): Processing attachment: https://s33834.pcdn.co/architecture/wp-content/uploads/sites/207/2019/07/neve-architect-demo-17.jpg...
[09/Jun/2020:09:44:24] (P): Fetching attachment from url: https://s33834.pcdn.co/architecture/wp-content/uploads/sites/207/2019/07/neve-architect-demo-17.jpg...
[09/Jun/2020:09:44:24] (S): Fetched remote attachment.
[09/Jun/2020:09:44:24] (P): Inserting attachment...
[09/Jun/2020:09:44:24] (S): Attachment inserted
[09/Jun/2020:09:44:24] (S): Processed attachment.
[09/Jun/2020:09:44:24] (P): Processing attachment: https://s33834.pcdn.co/architecture/wp-content/uploads/sites/207/2019/07/neve-architect-demo-18.jpg...
[09/Jun/2020:09:44:24] (P): Fetching attachment from url: https://s33834.pcdn.co/architecture/wp-content/uploads/sites/207/2019/07/neve-architect-demo-18.jpg...
[09/Jun/2020:09:44:24] (S): Fetched remote attachment.
[09/Jun/2020:09:44:24] (P): Inserting attachment...
[09/Jun/2020:09:44:24] (S): Attachment inserted
[09/Jun/2020:09:44:24] (S): Processed attachment.
[09/Jun/2020:09:44:24] (P): Processing single menu item ' '...
[09/Jun/2020:09:44:24] (P): Processing single menu item ' '...
[09/Jun/2020:09:44:24] (P): Inserting custom_css: neve .
[09/Jun/2020:09:44:24] (S): Done inserting custom_css: neve .
[09/Jun/2020:09:44:24] (P): Processing single menu item ' '...
[09/Jun/2020:09:44:24] (P): Processing single menu item ' '...
[09/Jun/2020:09:44:24] (P): Processing single menu item ' '...
[09/Jun/2020:09:44:24] (P): Processing single menu item ' '...
[09/Jun/2020:09:44:24] (P): Processing single menu item ' San Francisco '...
[09/Jun/2020:09:44:24] (P): Processing single menu item ' Munich (opening soon) '...
[09/Jun/2020:09:44:24] (P): Processing single menu item ' Tokyo '...
[09/Jun/2020:09:44:24] (P): Processing attachment: https://s33834.pcdn.co/architecture/wp-content/uploads/sites/207/2019/07/neve-architect-demo-19.jpg...
[09/Jun/2020:09:44:24] (P): Fetching attachment from url: https://s33834.pcdn.co/architecture/wp-content/uploads/sites/207/2019/07/neve-architect-demo-19.jpg...
[09/Jun/2020:09:44:24] (S): Fetched remote attachment.
[09/Jun/2020:09:44:24] (P): Inserting attachment...
[09/Jun/2020:09:44:24] (S): Attachment inserted
[09/Jun/2020:09:44:24] (S): Processed attachment.
[09/Jun/2020:09:44:24] (P): Processing attachment: https://s33834.pcdn.co/architecture/wp-content/uploads/sites/207/2019/07/neve-architect-demo-20.jpg...
[09/Jun/2020:09:44:24] (P): Fetching attachment from url: https://s33834.pcdn.co/architecture/wp-content/uploads/sites/207/2019/07/neve-architect-demo-20.jpg...
[09/Jun/2020:09:44:24] (S): Fetched remote attachment.
[09/Jun/2020:09:44:24] (P): Inserting attachment...
[09/Jun/2020:09:44:24] (S): Attachment inserted
[09/Jun/2020:09:44:24] (S): Processed attachment.
[09/Jun/2020:09:44:24] (P): Processing attachment: https://s33834.pcdn.co/architecture/wp-content/uploads/sites/207/2019/07/neve-architect-demo-21.jpg...
[09/Jun/2020:09:44:24] (P): Fetching attachment from url: https://s33834.pcdn.co/architecture/wp-content/uploads/sites/207/2019/07/neve-architect-demo-21.jpg...
[09/Jun/2020:09:44:24] (S): Fetched remote attachment.
[09/Jun/2020:09:44:24] (P): Inserting attachment...
[09/Jun/2020:09:44:24] (S): Attachment inserted
[09/Jun/2020:09:44:24] (S): Processed attachment.
[09/Jun/2020:09:44:24] (P): Processing attachment: https://s33834.pcdn.co/architecture/wp-content/uploads/sites/207/2019/07/neve-architect-demo-22.jpg...
[09/Jun/2020:09:44:24] (P): Fetching attachment from url: https://s33834.pcdn.co/architecture/wp-content/uploads/sites/207/2019/07/neve-architect-demo-22.jpg...
[09/Jun/2020:09:44:25] (S): Fetched remote attachment.
[09/Jun/2020:09:44:25] (P): Inserting attachment...
[09/Jun/2020:09:44:25] (S): Attachment inserted
[09/Jun/2020:09:44:25] (S): Processed attachment.
[09/Jun/2020:09:44:25] (P): Processing attachment: https://s33834.pcdn.co/architecture/wp-content/uploads/sites/207/2019/07/neve-architect-demo-24.jpg...
[09/Jun/2020:09:44:25] (P): Fetching attachment from url: https://s33834.pcdn.co/architecture/wp-content/uploads/sites/207/2019/07/neve-architect-demo-24.jpg...
[09/Jun/2020:09:44:25] (S): Fetched remote attachment.
[09/Jun/2020:09:44:25] (P): Inserting attachment...
[09/Jun/2020:09:44:25] (S): Attachment inserted
[09/Jun/2020:09:44:25] (S): Processed attachment.
[09/Jun/2020:09:44:25] (P): Processing attachment: https://s33834.pcdn.co/architecture/wp-content/uploads/sites/207/2019/07/neve-architect-demo-25.jpg...
[09/Jun/2020:09:44:25] (P): Fetching attachment from url: https://s33834.pcdn.co/architecture/wp-content/uploads/sites/207/2019/07/neve-architect-demo-25.jpg...
[09/Jun/2020:09:44:25] (S): Fetched remote attachment.
[09/Jun/2020:09:44:25] (P): Inserting attachment...
[09/Jun/2020:09:44:25] (S): Attachment inserted
[09/Jun/2020:09:44:25] (S): Processed attachment.
[09/Jun/2020:09:44:25] (P): Processing attachment: https://s33834.pcdn.co/architecture/wp-content/uploads/sites/207/2019/07/neve-architect-demo-26.jpg...
[09/Jun/2020:09:44:25] (P): Fetching attachment from url: https://s33834.pcdn.co/architecture/wp-content/uploads/sites/207/2019/07/neve-architect-demo-26.jpg...
[09/Jun/2020:09:44:25] (S): Fetched remote attachment.
[09/Jun/2020:09:44:25] (P): Inserting attachment...
[09/Jun/2020:09:44:25] (S): Attachment inserted
[09/Jun/2020:09:44:25] (S): Processed attachment.
[09/Jun/2020:09:44:25] (P): Processing attachment: https://s33834.pcdn.co/architecture/wp-content/uploads/sites/207/2019/07/neve-architect-demo-27.jpg...
[09/Jun/2020:09:44:25] (P): Fetching attachment from url: https://s33834.pcdn.co/architecture/wp-content/uploads/sites/207/2019/07/neve-architect-demo-27.jpg...
[09/Jun/2020:09:44:25] (S): Fetched remote attachment.
[09/Jun/2020:09:44:25] (P): Inserting attachment...
[09/Jun/2020:09:44:25] (S): Attachment inserted
[09/Jun/2020:09:44:25] (S): Processed attachment.
[09/Jun/2020:09:44:25] (P): Processing attachment: https://s33834.pcdn.co/architecture/wp-content/uploads/sites/207/2019/07/neve-architect-demo-28.jpg...
[09/Jun/2020:09:44:25] (P): Fetching attachment from url: https://s33834.pcdn.co/architecture/wp-content/uploads/sites/207/2019/07/neve-architect-demo-28.jpg...
[09/Jun/2020:09:44:26] (S): Fetched remote attachment.
[09/Jun/2020:09:44:26] (P): Inserting attachment...
[09/Jun/2020:09:44:26] (S): Attachment inserted
[09/Jun/2020:09:44:26] (S): Processed attachment.
[09/Jun/2020:09:44:26] (P): Processing attachment: https://s33834.pcdn.co/architecture/wp-content/uploads/sites/207/2019/07/neve-architect-demo-29.jpg...
[09/Jun/2020:09:44:26] (P): Fetching attachment from url: https://s33834.pcdn.co/architecture/wp-content/uploads/sites/207/2019/07/neve-architect-demo-29.jpg...
[09/Jun/2020:09:44:26] (S): Fetched remote attachment.
[09/Jun/2020:09:44:26] (P): Inserting attachment...
[09/Jun/2020:09:44:26] (S): Attachment inserted
[09/Jun/2020:09:44:26] (S): Processed attachment.
[09/Jun/2020:09:44:26] (P): Inserting post: How we built our first Smart House .
[09/Jun/2020:09:44:26] (S): Done inserting post: How we built our first Smart House .
[09/Jun/2020:09:44:26] (P): Inserting page: Contact .
[09/Jun/2020:09:44:26] (S): Done inserting page: Contact .
[09/Jun/2020:09:44:26] (P): Filtering elementor meta...
[09/Jun/2020:09:44:26] (S): Filtered elementor meta.
[09/Jun/2020:09:44:26] (P): Inserting page: Our projects .
[09/Jun/2020:09:44:26] (S): Done inserting page: Our projects .
[09/Jun/2020:09:44:26] (P): Filtering elementor meta...
[09/Jun/2020:09:44:26] (S): Filtered elementor meta.
[09/Jun/2020:09:44:26] (P): Inserting page: Project details .
[09/Jun/2020:09:44:26] (S): Done inserting page: Project details .
[09/Jun/2020:09:44:26] (P): Filtering elementor meta...
[09/Jun/2020:09:44:26] (S): Filtered elementor meta.
[09/Jun/2020:09:44:26] (P): Inserting post: What is a passive house .
[09/Jun/2020:09:44:26] (S): Done inserting post: What is a passive house .
[09/Jun/2020:09:44:26] (P): Inserting post: Building a house in 6 months .
[09/Jun/2020:09:44:26] (S): Done inserting post: Building a house in 6 months .
[09/Jun/2020:09:44:26] (P): Inserting post: Sustainable office building Design .
[09/Jun/2020:09:44:26] (S): Done inserting post: Sustainable office building Design .
[09/Jun/2020:09:44:26] (P): Inserting page: Homepage .
[09/Jun/2020:09:44:26] (S): Done inserting page: Homepage .
[09/Jun/2020:09:44:26] (P): Filtering elementor meta...
[09/Jun/2020:09:44:26] (S): Filtered elementor meta.
[09/Jun/2020:09:44:26] (P): Inserting page: Privacy and Terms .
[09/Jun/2020:09:44:26] (S): Done inserting page: Privacy and Terms .
[09/Jun/2020:09:44:26] (P): Filtering elementor meta...
[09/Jun/2020:09:44:26] (S): Filtered elementor meta.
[09/Jun/2020:09:44:26] (P): Processing single menu item ' Sydney (opening soon) '...
[09/Jun/2020:09:44:26] (S): Processed single menu item.
[09/Jun/2020:09:44:26] (P): Inserting page: News .
[09/Jun/2020:09:44:26] (S): Done inserting page: News .
[09/Jun/2020:09:44:26] (P): Processing single menu item ' '...
[09/Jun/2020:09:44:26] (S): Processed single menu item.
[09/Jun/2020:09:44:26] (P): Processing single menu item ' Careers '...
[09/Jun/2020:09:44:26] (S): Processed single menu item.
[09/Jun/2020:09:44:26] (S): Processed posts.
[09/Jun/2020:09:44:26] (P): Processing single menu item ' '...
[09/Jun/2020:09:44:26] (S): Processed single menu item.
[09/Jun/2020:09:44:26] (P): Processing single menu item ' '...
[09/Jun/2020:09:44:27] (S): Processed single menu item.
[09/Jun/2020:09:44:27] (P): Processing single menu item ' '...
[09/Jun/2020:09:44:27] (S): Processed single menu item.
[09/Jun/2020:09:44:27] (P): Processing single menu item ' '...
[09/Jun/2020:09:44:27] (S): Processed single menu item.
[09/Jun/2020:09:44:27] (P): Processing single menu item ' '...
[09/Jun/2020:09:44:27] (S): Processed single menu item.
[09/Jun/2020:09:44:27] (P): Processing single menu item ' '...
[09/Jun/2020:09:44:27] (S): Processed single menu item.
[09/Jun/2020:09:44:27] (P): Processing single menu item ' San Francisco '...
[09/Jun/2020:09:44:27] (S): Processed single menu item.
[09/Jun/2020:09:44:27] (P): Processing single menu item ' Munich (opening soon) '...
[09/Jun/2020:09:44:27] (S): Processed single menu item.
[09/Jun/2020:09:44:27] (P): Processing single menu item ' Tokyo '...
[09/Jun/2020:09:44:27] (S): Processed single menu item.
[09/Jun/2020:09:44:27] (P): Cleaning up import with id ...
[09/Jun/2020:09:44:27] (P): Done cleanup. Flushing cache...
[09/Jun/2020:09:44:27] (P): Flushed cache. Removing temporary data..
[09/Jun/2020:09:44:27] (S): Done importing
[09/Jun/2020:09:44:27] (P): Busting elementor cache
[09/Jun/2020:09:44:27] (S): Front page set up with id: 70.
